0 info it worked if it ends with ok
1 verbose cli [ '/usr/local/bin/node',
1 verbose cli   '/usr/local/bin/npm',
1 verbose cli   'install',
1 verbose cli   'nodesass' ]
2 info using npm@2.15.9
3 info using node@v4.6.0
4 verbose install initial load of /Users/jakejake/Desktop/Google Drive/PRIME/sigma/solo-project/gtr-tool/package.json
5 warn package.json gtr-tool@1.0.0 No description
6 warn package.json gtr-tool@1.0.0 No repository field.
7 warn package.json gtr-tool@1.0.0 No README data
8 verbose installManyTop reading scoped package data from /Users/jakejake/Desktop/Google Drive/PRIME/sigma/solo-project/gtr-tool/node_modules/angular/package.json
9 verbose installManyTop reading scoped package data from /Users/jakejake/Desktop/Google Drive/PRIME/sigma/solo-project/gtr-tool/node_modules/angular-route/package.json
10 verbose installManyTop reading scoped package data from /Users/jakejake/Desktop/Google Drive/PRIME/sigma/solo-project/gtr-tool/node_modules/angularfire/package.json
11 verbose installManyTop reading scoped package data from /Users/jakejake/Desktop/Google Drive/PRIME/sigma/solo-project/gtr-tool/node_modules/body-parser/package.json
12 verbose installManyTop reading scoped package data from /Users/jakejake/Desktop/Google Drive/PRIME/sigma/solo-project/gtr-tool/node_modules/dot-env/package.json
13 verbose installManyTop reading scoped package data from /Users/jakejake/Desktop/Google Drive/PRIME/sigma/solo-project/gtr-tool/node_modules/express/package.json
14 verbose installManyTop reading scoped package data from /Users/jakejake/Desktop/Google Drive/PRIME/sigma/solo-project/gtr-tool/node_modules/firebase/package.json
15 verbose installManyTop reading scoped package data from /Users/jakejake/Desktop/Google Drive/PRIME/sigma/solo-project/gtr-tool/node_modules/jquery/package.json
16 verbose installManyTop reading scoped package data from /Users/jakejake/Desktop/Google Drive/PRIME/sigma/solo-project/gtr-tool/node_modules/mongodb/package.json
17 verbose installManyTop reading scoped package data from /Users/jakejake/Desktop/Google Drive/PRIME/sigma/solo-project/gtr-tool/node_modules/mongoose/package.json
18 verbose installManyTop reading scoped package data from /Users/jakejake/Desktop/Google Drive/PRIME/sigma/solo-project/gtr-tool/node_modules/pg/package.json
19 verbose installManyTop reading scoped package data from /Users/jakejake/Desktop/Google Drive/PRIME/sigma/solo-project/gtr-tool/node_modules/request/package.json
20 verbose readDependencies loading dependencies from /Users/jakejake/Desktop/Google Drive/PRIME/sigma/solo-project/gtr-tool/package.json
21 silly cache add args [ 'nodesass', null ]
22 verbose cache add spec nodesass
23 silly cache add parsed spec Result {
23 silly cache add   raw: 'nodesass',
23 silly cache add   scope: null,
23 silly cache add   name: 'nodesass',
23 silly cache add   rawSpec: '',
23 silly cache add   spec: 'latest',
23 silly cache add   type: 'tag' }
24 silly addNamed nodesass@latest
25 verbose addNamed "latest" is being treated as a dist-tag for nodesass
26 info addNameTag [ 'nodesass', 'latest' ]
27 silly mapToRegistry name nodesass
28 silly mapToRegistry using default registry
29 silly mapToRegistry registry https://registry.npmjs.org/
30 silly mapToRegistry data Result {
30 silly mapToRegistry   raw: 'nodesass',
30 silly mapToRegistry   scope: null,
30 silly mapToRegistry   name: 'nodesass',
30 silly mapToRegistry   rawSpec: '',
30 silly mapToRegistry   spec: 'latest',
30 silly mapToRegistry   type: 'tag' }
31 silly mapToRegistry uri https://registry.npmjs.org/nodesass
32 verbose addNameTag registry:https://registry.npmjs.org/nodesass not in flight; fetching
33 verbose request uri https://registry.npmjs.org/nodesass
34 verbose request no auth needed
35 info attempt registry request try #1 at 8:57:43 AM
36 verbose request id c467f2e7fe3d57dd
37 http request GET https://registry.npmjs.org/nodesass
38 http 404 https://registry.npmjs.org/nodesass
39 verbose headers { 'content-type': 'application/json',
39 verbose headers   'cache-control': 'max-age=0',
39 verbose headers   'content-length': '2',
39 verbose headers   'accept-ranges': 'bytes',
39 verbose headers   date: 'Wed, 14 Dec 2016 14:57:45 GMT',
39 verbose headers   via: '1.1 varnish',
39 verbose headers   age: '0',
39 verbose headers   connection: 'keep-alive',
39 verbose headers   'x-served-by': 'cache-ord1731-ORD',
39 verbose headers   'x-cache': 'MISS',
39 verbose headers   'x-cache-hits': '0',
39 verbose headers   'x-timer': 'S1481727465.590126,VS0,VE167',
39 verbose headers   vary: 'Accept-Encoding' }
40 silly get cb [ 404,
40 silly get   { 'content-type': 'application/json',
40 silly get     'cache-control': 'max-age=0',
40 silly get     'content-length': '2',
40 silly get     'accept-ranges': 'bytes',
40 silly get     date: 'Wed, 14 Dec 2016 14:57:45 GMT',
40 silly get     via: '1.1 varnish',
40 silly get     age: '0',
40 silly get     connection: 'keep-alive',
40 silly get     'x-served-by': 'cache-ord1731-ORD',
40 silly get     'x-cache': 'MISS',
40 silly get     'x-cache-hits': '0',
40 silly get     'x-timer': 'S1481727465.590126,VS0,VE167',
40 silly get     vary: 'Accept-Encoding' } ]
41 verbose stack Error: Registry returned 404 for GET on https://registry.npmjs.org/nodesass
41 verbose stack     at makeError (/usr/local/lib/node_modules/npm/node_modules/npm-registry-client/lib/request.js:264:12)
41 verbose stack     at CachingRegistryClient.<anonymous> (/usr/local/lib/node_modules/npm/node_modules/npm-registry-client/lib/request.js:242:14)
41 verbose stack     at Request._callback (/usr/local/lib/node_modules/npm/node_modules/npm-registry-client/lib/request.js:172:14)
41 verbose stack     at Request.self.callback (/usr/local/lib/node_modules/npm/node_modules/request/request.js:200:22)
41 verbose stack     at emitTwo (events.js:87:13)
41 verbose stack     at Request.emit (events.js:172:7)
41 verbose stack     at Request.<anonymous> (/usr/local/lib/node_modules/npm/node_modules/request/request.js:1067:10)
41 verbose stack     at emitOne (events.js:82:20)
41 verbose stack     at Request.emit (events.js:169:7)
41 verbose stack     at IncomingMessage.<anonymous> (/usr/local/lib/node_modules/npm/node_modules/request/request.js:988:12)
42 verbose statusCode 404
43 verbose pkgid nodesass
44 verbose cwd /Users/jakejake/Desktop/Google Drive/PRIME/sigma/solo-project/gtr-tool
45 error Darwin 15.6.0
46 error argv "/usr/local/bin/node" "/usr/local/bin/npm" "install" "nodesass"
47 error node v4.6.0
48 error npm  v2.15.9
49 error code E404
50 error 404 Registry returned 404 for GET on https://registry.npmjs.org/nodesass
50 error 404
50 error 404 'nodesass' is not in the npm registry.
50 error 404 You should bug the author to publish it (or use the name yourself!)
50 error 404 It was specified as a dependency of 'gtr-tool'
50 error 404
50 error 404 Note that you can also install from a
50 error 404 tarball, folder, http url, or git url.
51 verbose exit [ 1, true ]
